{"/Users/andelarwanda/Desktop/MY-BRAND/app.js": {"path":"/Users/andelarwanda/Desktop/MY-BRAND/app.js","statementMap":{"0":{"start":{"line":12,"column":12},"end":{"line":12,"column":21}},"1":{"start":{"line":14,"column":0},"end":{"line":14,"column":16}},"2":{"start":{"line":15,"column":0},"end":{"line":15,"column":24}},"3":{"start":{"line":16,"column":0},"end":{"line":16,"column":16}},"4":{"start":{"line":18,"column":0},"end":{"line":18,"column":28}},"5":{"start":{"line":19,"column":0},"end":{"line":19,"column":28}},"6":{"start":{"line":20,"column":0},"end":{"line":20,"column":26}},"7":{"start":{"line":21,"column":0},"end":{"line":21,"column":40}},"8":{"start":{"line":22,"column":0},"end":{"line":22,"column":63}},"9":{"start":{"line":23,"column":0},"end":{"line":23,"column":44}}},"fnMap":{},"branchMap":{},"s":{"0":1,"1":1,"2":1,"3":1,"4":1,"5":1,"6":1,"7":1,"8":1,"9":1},"f":{},"b":{},"_coverageSchema":"1a1c01bbd47fc00a2c39e90264f33305004495a9","hash":"e09bca7ae4746c360fe86def9676b6628839e693"}
,"/Users/andelarwanda/Desktop/MY-BRAND/server.js": {"path":"/Users/andelarwanda/Desktop/MY-BRAND/server.js","statementMap":{"0":{"start":{"line":5,"column":0},"end":{"line":12,"column":2}},"1":{"start":{"line":9,"column":4},"end":{"line":9,"column":37}},"2":{"start":{"line":11,"column":4},"end":{"line":11,"column":20}},"3":{"start":{"line":14,"column":11},"end":{"line":14,"column":35}},"4":{"start":{"line":15,"column":15},"end":{"line":15,"column":35}},"5":{"start":{"line":16,"column":11},"end":{"line":16,"column":40}},"6":{"start":{"line":17,"column":1},"end":{"line":19,"column":2}},"7":{"start":{"line":18,"column":4},"end":{"line":18,"column":57}}},"fnMap":{"0":{"name":"(anonymous_0)","decl":{"start":{"line":8,"column":8},"end":{"line":8,"column":9}},"loc":{"start":{"line":8,"column":12},"end":{"line":10,"column":1}},"line":8},"1":{"name":"(anonymous_1)","decl":{"start":{"line":10,"column":9},"end":{"line":10,"column":10}},"loc":{"start":{"line":10,"column":16},"end":{"line":12,"column":1}},"line":10},"2":{"name":"(anonymous_2)","decl":{"start":{"line":17,"column":18},"end":{"line":17,"column":19}},"loc":{"start":{"line":17,"column":22},"end":{"line":19,"column":1}},"line":17}},"branchMap":{"0":{"loc":{"start":{"line":14,"column":11},"end":{"line":14,"column":35}},"type":"binary-expr","locations":[{"start":{"line":14,"column":11},"end":{"line":14,"column":27}},{"start":{"line":14,"column":31},"end":{"line":14,"column":35}}],"line":14},"1":{"loc":{"start":{"line":16,"column":11},"end":{"line":16,"column":40}},"type":"cond-expr","locations":[{"start":{"line":16,"column":31},"end":{"line":16,"column":35}},{"start":{"line":16,"column":36},"end":{"line":16,"column":40}}],"line":16}},"s":{"0":1,"1":1,"2":0,"3":1,"4":1,"5":1,"6":1,"7":0},"f":{"0":1,"1":0,"2":0},"b":{"0":[1,0],"1":[0,1]},"_coverageSchema":"1a1c01bbd47fc00a2c39e90264f33305004495a9","hash":"93ae8dcebeb6ab001f15be0c401a55b7a3d0e1fc"}
,"/Users/andelarwanda/Desktop/MY-BRAND/src/Controller/blogController.js": {"path":"/Users/andelarwanda/Desktop/MY-BRAND/src/Controller/blogController.js","statementMap":{"0":{"start":{"line":8,"column":8},"end":{"line":50,"column":9}},"1":{"start":{"line":11,"column":26},"end":{"line":11,"column":65}},"2":{"start":{"line":13,"column":10},"end":{"line":16,"column":61}},"3":{"start":{"line":14,"column":14},"end":{"line":16,"column":61}},"4":{"start":{"line":19,"column":29},"end":{"line":19,"column":80}},"5":{"start":{"line":21,"column":25},"end":{"line":27,"column":14}},"6":{"start":{"line":28,"column":12},"end":{"line":28,"column":30}},"7":{"start":{"line":30,"column":12},"end":{"line":44,"column":69}},"8":{"start":{"line":31,"column":29},"end":{"line":31,"column":51}},"9":{"start":{"line":33,"column":4},"end":{"line":39,"column":5}},"10":{"start":{"line":34,"column":6},"end":{"line":34,"column":25}},"11":{"start":{"line":35,"column":6},"end":{"line":37,"column":34}},"12":{"start":{"line":41,"column":4},"end":{"line":41,"column":36}},"13":{"start":{"line":47,"column":12},"end":{"line":49,"column":39}},"14":{"start":{"line":54,"column":10},"end":{"line":81,"column":11}},"15":{"start":{"line":56,"column":29},"end":{"line":56,"column":80}},"16":{"start":{"line":58,"column":32},"end":{"line":64,"column":26}},"17":{"start":{"line":66,"column":12},"end":{"line":72,"column":13}},"18":{"start":{"line":67,"column":14},"end":{"line":70,"column":17}},"19":{"start":{"line":71,"column":14},"end":{"line":71,"column":21}},"20":{"start":{"line":73,"column":12},"end":{"line":76,"column":15}},"21":{"start":{"line":78,"column":12},"end":{"line":80,"column":38}},"22":{"start":{"line":88,"column":8},"end":{"line":107,"column":9}},"23":{"start":{"line":90,"column":29},"end":{"line":90,"column":63}},"24":{"start":{"line":91,"column":10},"end":{"line":98,"column":11}},"25":{"start":{"line":93,"column":12},"end":{"line":96,"column":14}},"26":{"start":{"line":97,"column":12},"end":{"line":97,"column":19}},"27":{"start":{"line":99,"column":10},"end":{"line":102,"column":13}},"28":{"start":{"line":104,"column":10},"end":{"line":106,"column":37}},"29":{"start":{"line":113,"column":8},"end":{"line":124,"column":9}},"30":{"start":{"line":115,"column":27},"end":{"line":115,"column":44}},"31":{"start":{"line":116,"column":9},"end":{"line":119,"column":13}},"32":{"start":{"line":121,"column":10},"end":{"line":123,"column":36}},"33":{"start":{"line":130,"column":8},"end":{"line":150,"column":9}},"34":{"start":{"line":131,"column":23},"end":{"line":131,"column":57}},"35":{"start":{"line":132,"column":10},"end":{"line":138,"column":11}},"36":{"start":{"line":133,"column":12},"end":{"line":136,"column":15}},"37":{"start":{"line":137,"column":12},"end":{"line":137,"column":19}},"38":{"start":{"line":140,"column":10},"end":{"line":140,"column":29}},"39":{"start":{"line":141,"column":10},"end":{"line":144,"column":13}},"40":{"start":{"line":147,"column":10},"end":{"line":149,"column":37}}},"fnMap":{"0":{"name":"(anonymous_0)","decl":{"start":{"line":7,"column":4},"end":{"line":7,"column":5}},"loc":{"start":{"line":7,"column":36},"end":{"line":51,"column":5}},"line":7},"1":{"name":"(anonymous_1)","decl":{"start":{"line":30,"column":12},"end":{"line":30,"column":13}},"loc":{"start":{"line":30,"column":26},"end":{"line":42,"column":3}},"line":30},"2":{"name":"(anonymous_2)","decl":{"start":{"line":53,"column":4},"end":{"line":53,"column":5}},"loc":{"start":{"line":53,"column":38},"end":{"line":82,"column":9}},"line":53},"3":{"name":"(anonymous_3)","decl":{"start":{"line":87,"column":8},"end":{"line":87,"column":9}},"loc":{"start":{"line":87,"column":45},"end":{"line":108,"column":7}},"line":87},"4":{"name":"(anonymous_4)","decl":{"start":{"line":112,"column":6},"end":{"line":112,"column":7}},"loc":{"start":{"line":112,"column":41},"end":{"line":125,"column":7}},"line":112},"5":{"name":"(anonymous_5)","decl":{"start":{"line":129,"column":6},"end":{"line":129,"column":7}},"loc":{"start":{"line":129,"column":40},"end":{"line":151,"column":7}},"line":129}},"branchMap":{"0":{"loc":{"start":{"line":13,"column":10},"end":{"line":16,"column":61}},"type":"if","locations":[{"start":{"line":13,"column":10},"end":{"line":16,"column":61}},{"start":{},"end":{}}],"line":13},"1":{"loc":{"start":{"line":33,"column":4},"end":{"line":39,"column":5}},"type":"if","locations":[{"start":{"line":33,"column":4},"end":{"line":39,"column":5}},{"start":{},"end":{}}],"line":33},"2":{"loc":{"start":{"line":66,"column":12},"end":{"line":72,"column":13}},"type":"if","locations":[{"start":{"line":66,"column":12},"end":{"line":72,"column":13}},{"start":{},"end":{}}],"line":66},"3":{"loc":{"start":{"line":91,"column":10},"end":{"line":98,"column":11}},"type":"if","locations":[{"start":{"line":91,"column":10},"end":{"line":98,"column":11}},{"start":{},"end":{}}],"line":91},"4":{"loc":{"start":{"line":132,"column":10},"end":{"line":138,"column":11}},"type":"if","locations":[{"start":{"line":132,"column":10},"end":{"line":138,"column":11}},{"start":{},"end":{}}],"line":132}},"s":{"0":0,"1":0,"2":0,"3":0,"4":0,"5":0,"6":0,"7":0,"8":0,"9":0,"10":0,"11":0,"12":0,"13":0,"14":0,"15":0,"16":0,"17":0,"18":0,"19":0,"20":0,"21":0,"22":1,"23":1,"24":1,"25":0,"26":0,"27":1,"28":0,"29":1,"30":1,"31":1,"32":0,"33":0,"34":0,"35":0,"36":0,"37":0,"38":0,"39":0,"40":0},"f":{"0":0,"1":0,"2":0,"3":1,"4":1,"5":0},"b":{"0":[0,0],"1":[0,0],"2":[0,0],"3":[0,1],"4":[0,0]},"_coverageSchema":"1a1c01bbd47fc00a2c39e90264f33305004495a9","hash":"54bd99510df17025ef0a9aefe839ff271ee2a4b4"}
,"/Users/andelarwanda/Desktop/MY-BRAND/src/Controller/queryController.js": {"path":"/Users/andelarwanda/Desktop/MY-BRAND/src/Controller/queryController.js","statementMap":{"0":{"start":{"line":5,"column":12},"end":{"line":18,"column":13}},"1":{"start":{"line":6,"column":30},"end":{"line":12,"column":16}},"2":{"start":{"line":13,"column":14},"end":{"line":13,"column":35}},"3":{"start":{"line":14,"column":14},"end":{"line":14,"column":44}},"4":{"start":{"line":15,"column":14},"end":{"line":15,"column":45}},"5":{"start":{"line":17,"column":14},"end":{"line":17,"column":50}},"6":{"start":{"line":23,"column":12},"end":{"line":28,"column":13}},"7":{"start":{"line":24,"column":25},"end":{"line":24,"column":59}},"8":{"start":{"line":25,"column":11},"end":{"line":25,"column":40}},"9":{"start":{"line":27,"column":16},"end":{"line":27,"column":52}},"10":{"start":{"line":33,"column":12},"end":{"line":38,"column":13}},"11":{"start":{"line":34,"column":26},"end":{"line":34,"column":44}},"12":{"start":{"line":35,"column":11},"end":{"line":35,"column":41}},"13":{"start":{"line":37,"column":16},"end":{"line":37,"column":52}}},"fnMap":{"0":{"name":"(anonymous_0)","decl":{"start":{"line":4,"column":8},"end":{"line":4,"column":9}},"loc":{"start":{"line":4,"column":43},"end":{"line":19,"column":11}},"line":4},"1":{"name":"(anonymous_1)","decl":{"start":{"line":22,"column":10},"end":{"line":22,"column":11}},"loc":{"start":{"line":22,"column":49},"end":{"line":29,"column":9}},"line":22},"2":{"name":"(anonymous_2)","decl":{"start":{"line":32,"column":8},"end":{"line":32,"column":9}},"loc":{"start":{"line":32,"column":45},"end":{"line":39,"column":9}},"line":32}},"branchMap":{},"s":{"0":0,"1":0,"2":0,"3":0,"4":0,"5":0,"6":0,"7":0,"8":0,"9":0,"10":0,"11":0,"12":0,"13":0},"f":{"0":0,"1":0,"2":0},"b":{},"_coverageSchema":"1a1c01bbd47fc00a2c39e90264f33305004495a9","hash":"089452626406cd261513f12edca11d1ec4c74678"}
,"/Users/andelarwanda/Desktop/MY-BRAND/src/Controller/userController.js": {"path":"/Users/andelarwanda/Desktop/MY-BRAND/src/Controller/userController.js","statementMap":{"0":{"start":{"line":11,"column":8},"end":{"line":37,"column":9}},"1":{"start":{"line":13,"column":25},"end":{"line":13,"column":47}},"2":{"start":{"line":15,"column":35},"end":{"line":15,"column":77}},"3":{"start":{"line":17,"column":41},"end":{"line":17,"column":89}},"4":{"start":{"line":19,"column":25},"end":{"line":26,"column":14}},"5":{"start":{"line":27,"column":12},"end":{"line":27,"column":30}},"6":{"start":{"line":28,"column":12},"end":{"line":30,"column":39}},"7":{"start":{"line":31,"column":16},"end":{"line":31,"column":61}},"8":{"start":{"line":34,"column":12},"end":{"line":36,"column":37}},"9":{"start":{"line":43,"column":8},"end":{"line":75,"column":9}},"10":{"start":{"line":46,"column":25},"end":{"line":46,"column":67}},"11":{"start":{"line":48,"column":12},"end":{"line":52,"column":13}},"12":{"start":{"line":49,"column":16},"end":{"line":51,"column":71}},"13":{"start":{"line":54,"column":36},"end":{"line":54,"column":90}},"14":{"start":{"line":55,"column":12},"end":{"line":59,"column":13}},"15":{"start":{"line":56,"column":16},"end":{"line":58,"column":71}},"16":{"start":{"line":61,"column":26},"end":{"line":63,"column":14}},"17":{"start":{"line":64,"column":12},"end":{"line":64,"column":43}},"18":{"start":{"line":66,"column":12},"end":{"line":68,"column":76}},"19":{"start":{"line":73,"column":12},"end":{"line":73,"column":46}},"20":{"start":{"line":83,"column":12},"end":{"line":104,"column":13}},"21":{"start":{"line":85,"column":33},"end":{"line":85,"column":67}},"22":{"start":{"line":86,"column":14},"end":{"line":93,"column":15}},"23":{"start":{"line":88,"column":16},"end":{"line":91,"column":21}},"24":{"start":{"line":92,"column":18},"end":{"line":92,"column":25}},"25":{"start":{"line":95,"column":14},"end":{"line":98,"column":17}},"26":{"start":{"line":100,"column":14},"end":{"line":103,"column":40}},"27":{"start":{"line":110,"column":12},"end":{"line":120,"column":13}},"28":{"start":{"line":111,"column":25},"end":{"line":111,"column":42}},"29":{"start":{"line":112,"column":11},"end":{"line":114,"column":30}},"30":{"start":{"line":116,"column":16},"end":{"line":119,"column":19}}},"fnMap":{"0":{"name":"(anonymous_0)","decl":{"start":{"line":9,"column":4},"end":{"line":9,"column":5}},"loc":{"start":{"line":9,"column":36},"end":{"line":39,"column":5}},"line":9},"1":{"name":"(anonymous_1)","decl":{"start":{"line":42,"column":4},"end":{"line":42,"column":5}},"loc":{"start":{"line":42,"column":31},"end":{"line":77,"column":5}},"line":42},"2":{"name":"(anonymous_2)","decl":{"start":{"line":82,"column":10},"end":{"line":82,"column":11}},"loc":{"start":{"line":82,"column":47},"end":{"line":105,"column":11}},"line":82},"3":{"name":"(anonymous_3)","decl":{"start":{"line":109,"column":8},"end":{"line":109,"column":9}},"loc":{"start":{"line":109,"column":42},"end":{"line":121,"column":9}},"line":109}},"branchMap":{"0":{"loc":{"start":{"line":48,"column":12},"end":{"line":52,"column":13}},"type":"if","locations":[{"start":{"line":48,"column":12},"end":{"line":52,"column":13}},{"start":{},"end":{}}],"line":48},"1":{"loc":{"start":{"line":55,"column":12},"end":{"line":59,"column":13}},"type":"if","locations":[{"start":{"line":55,"column":12},"end":{"line":59,"column":13}},{"start":{},"end":{}}],"line":55},"2":{"loc":{"start":{"line":86,"column":14},"end":{"line":93,"column":15}},"type":"if","locations":[{"start":{"line":86,"column":14},"end":{"line":93,"column":15}},{"start":{},"end":{}}],"line":86}},"s":{"0":0,"1":0,"2":0,"3":0,"4":0,"5":0,"6":0,"7":0,"8":0,"9":0,"10":0,"11":0,"12":0,"13":0,"14":0,"15":0,"16":0,"17":0,"18":0,"19":0,"20":0,"21":0,"22":0,"23":0,"24":0,"25":0,"26":0,"27":0,"28":0,"29":0,"30":0},"f":{"0":0,"1":0,"2":0,"3":0},"b":{"0":[0,0],"1":[0,0],"2":[0,0]},"_coverageSchema":"1a1c01bbd47fc00a2c39e90264f33305004495a9","hash":"778c7e0f615487467ed80b75689dad7dfb0a4ca9"}
,"/Users/andelarwanda/Desktop/MY-BRAND/src/Model/blogModel.js": {"path":"/Users/andelarwanda/Desktop/MY-BRAND/src/Model/blogModel.js","statementMap":{"0":{"start":{"line":2,"column":19},"end":{"line":22,"column":4}},"1":{"start":{"line":24,"column":15},"end":{"line":24,"column":49}}},"fnMap":{},"branchMap":{},"s":{"0":1,"1":1},"f":{},"b":{},"_coverageSchema":"1a1c01bbd47fc00a2c39e90264f33305004495a9","hash":"30d35322d50ce5fd86c24ca40ae4b07325677d52"}
,"/Users/andelarwanda/Desktop/MY-BRAND/src/Model/queryModel.js": {"path":"/Users/andelarwanda/Desktop/MY-BRAND/src/Model/queryModel.js","statementMap":{"0":{"start":{"line":2,"column":18},"end":{"line":24,"column":2}},"1":{"start":{"line":26,"column":12},"end":{"line":26,"column":47}}},"fnMap":{},"branchMap":{},"s":{"0":1,"1":1},"f":{},"b":{},"_coverageSchema":"1a1c01bbd47fc00a2c39e90264f33305004495a9","hash":"9e4ee3f8b2ebe02c96a713471c1650cd9bdf1789"}
,"/Users/andelarwanda/Desktop/MY-BRAND/src/Model/userModel.js": {"path":"/Users/andelarwanda/Desktop/MY-BRAND/src/Model/userModel.js","statementMap":{"0":{"start":{"line":3,"column":19},"end":{"line":42,"column":2}},"1":{"start":{"line":44,"column":14},"end":{"line":44,"column":48}}},"fnMap":{},"branchMap":{},"s":{"0":1,"1":1},"f":{},"b":{},"_coverageSchema":"1a1c01bbd47fc00a2c39e90264f33305004495a9","hash":"a3b11f8138308cdaf43b12af03a9516533344770"}
,"/Users/andelarwanda/Desktop/MY-BRAND/src/database/dBase.js": {"path":"/Users/andelarwanda/Desktop/MY-BRAND/src/database/dBase.js","statementMap":{"0":{"start":{"line":2,"column":13},"end":{"line":14,"column":1}},"1":{"start":{"line":4,"column":4},"end":{"line":13,"column":5}},"2":{"start":{"line":5,"column":8},"end":{"line":8,"column":11}},"3":{"start":{"line":9,"column":8},"end":{"line":9,"column":41}},"4":{"start":{"line":12,"column":8},"end":{"line":12,"column":32}}},"fnMap":{"0":{"name":"(anonymous_0)","decl":{"start":{"line":2,"column":13},"end":{"line":2,"column":14}},"loc":{"start":{"line":2,"column":25},"end":{"line":14,"column":1}},"line":2}},"branchMap":{},"s":{"0":1,"1":0,"2":0,"3":0,"4":0},"f":{"0":0},"b":{},"_coverageSchema":"1a1c01bbd47fc00a2c39e90264f33305004495a9","hash":"20985fb01b88bcbabb041ef030644eda1ba35a0b"}
,"/Users/andelarwanda/Desktop/MY-BRAND/src/documentations/blog.doc.js": {"path":"/Users/andelarwanda/Desktop/MY-BRAND/src/documentations/blog.doc.js","statementMap":{"0":{"start":{"line":1,"column":21},"end":{"line":18,"column":1}},"1":{"start":{"line":20,"column":20},"end":{"line":46,"column":1}},"2":{"start":{"line":48,"column":19},"end":{"line":88,"column":1}},"3":{"start":{"line":90,"column":23},"end":{"line":121,"column":1}},"4":{"start":{"line":123,"column":23},"end":{"line":175,"column":1}},"5":{"start":{"line":179,"column":23},"end":{"line":195,"column":1}}},"fnMap":{},"branchMap":{},"s":{"0":1,"1":1,"2":1,"3":1,"4":1,"5":1},"f":{},"b":{},"_coverageSchema":"1a1c01bbd47fc00a2c39e90264f33305004495a9","hash":"01f4eb4a40d5eac3f7465991465f754d9de27e59"}
,"/Users/andelarwanda/Desktop/MY-BRAND/src/documentations/query.swaggerdoc.js": {"path":"/Users/andelarwanda/Desktop/MY-BRAND/src/documentations/query.swaggerdoc.js","statementMap":{"0":{"start":{"line":1,"column":23},"end":{"line":18,"column":1}},"1":{"start":{"line":20,"column":21},"end":{"line":46,"column":1}},"2":{"start":{"line":48,"column":20},"end":{"line":94,"column":1}},"3":{"start":{"line":98,"column":24},"end":{"line":109,"column":1}}},"fnMap":{},"branchMap":{},"s":{"0":1,"1":1,"2":1,"3":1},"f":{},"b":{},"_coverageSchema":"1a1c01bbd47fc00a2c39e90264f33305004495a9","hash":"b4b08487cc9986d58d35bfba3d46380879a3cd3d"}
,"/Users/andelarwanda/Desktop/MY-BRAND/src/documentations/swaggerdoc.js": {"path":"/Users/andelarwanda/Desktop/MY-BRAND/src/documentations/swaggerdoc.js","statementMap":{"0":{"start":{"line":7,"column":29},"end":{"line":65,"column":5}}},"fnMap":{},"branchMap":{},"s":{"0":1},"f":{},"b":{},"_coverageSchema":"1a1c01bbd47fc00a2c39e90264f33305004495a9","hash":"a7aa18175b3b8e845a15e14913bb6590ea61ed85"}
,"/Users/andelarwanda/Desktop/MY-BRAND/src/documentations/user.doc.js": {"path":"/Users/andelarwanda/Desktop/MY-BRAND/src/documentations/user.doc.js","statementMap":{"0":{"start":{"line":1,"column":21},"end":{"line":23,"column":1}},"1":{"start":{"line":25,"column":19},"end":{"line":68,"column":1}},"2":{"start":{"line":70,"column":14},"end":{"line":108,"column":1}},"3":{"start":{"line":110,"column":20},"end":{"line":141,"column":1}},"4":{"start":{"line":145,"column":23},"end":{"line":160,"column":1}}},"fnMap":{},"branchMap":{},"s":{"0":1,"1":1,"2":1,"3":1,"4":1},"f":{},"b":{},"_coverageSchema":"1a1c01bbd47fc00a2c39e90264f33305004495a9","hash":"c4cdec262f599432650ed273490d4d60ef572b87"}
,"/Users/andelarwanda/Desktop/MY-BRAND/src/helpers/multer.js": {"path":"/Users/andelarwanda/Desktop/MY-BRAND/src/helpers/multer.js","statementMap":{"0":{"start":{"line":6,"column":16},"end":{"line":14,"column":4}},"1":{"start":{"line":8,"column":6},"end":{"line":8,"column":37}},"2":{"start":{"line":12,"column":6},"end":{"line":12,"column":53}},"3":{"start":{"line":16,"column":17},"end":{"line":16,"column":45}}},"fnMap":{"0":{"name":"(anonymous_0)","decl":{"start":{"line":7,"column":17},"end":{"line":7,"column":18}},"loc":{"start":{"line":7,"column":52},"end":{"line":9,"column":5}},"line":7},"1":{"name":"(anonymous_1)","decl":{"start":{"line":11,"column":14},"end":{"line":11,"column":15}},"loc":{"start":{"line":11,"column":49},"end":{"line":13,"column":5}},"line":11}},"branchMap":{},"s":{"0":1,"1":0,"2":0,"3":1},"f":{"0":0,"1":0},"b":{},"_coverageSchema":"1a1c01bbd47fc00a2c39e90264f33305004495a9","hash":"d6192c2d7a0fc8ce2e204baf95ef00b8ee24c9bd"}
,"/Users/andelarwanda/Desktop/MY-BRAND/src/middleware/verifyAdmin.js": {"path":"/Users/andelarwanda/Desktop/MY-BRAND/src/middleware/verifyAdmin.js","statementMap":{"0":{"start":{"line":4,"column":0},"end":{"line":4,"column":15}},"1":{"start":{"line":7,"column":20},"end":{"line":35,"column":3}},"2":{"start":{"line":9,"column":24},"end":{"line":9,"column":49}},"3":{"start":{"line":10,"column":4},"end":{"line":14,"column":5}},"4":{"start":{"line":11,"column":6},"end":{"line":13,"column":60}},"5":{"start":{"line":15,"column":4},"end":{"line":34,"column":5}},"6":{"start":{"line":16,"column":27},"end":{"line":16,"column":74}},"7":{"start":{"line":17,"column":6},"end":{"line":17,"column":33}},"8":{"start":{"line":19,"column":26},"end":{"line":19,"column":61}},"9":{"start":{"line":20,"column":23},"end":{"line":20,"column":39}},"10":{"start":{"line":22,"column":6},"end":{"line":26,"column":7}},"11":{"start":{"line":23,"column":8},"end":{"line":25,"column":69}},"12":{"start":{"line":28,"column":6},"end":{"line":28,"column":13}},"13":{"start":{"line":30,"column":6},"end":{"line":33,"column":9}}},"fnMap":{"0":{"name":"(anonymous_0)","decl":{"start":{"line":7,"column":20},"end":{"line":7,"column":21}},"loc":{"start":{"line":7,"column":45},"end":{"line":35,"column":3}},"line":7}},"branchMap":{"0":{"loc":{"start":{"line":10,"column":4},"end":{"line":14,"column":5}},"type":"if","locations":[{"start":{"line":10,"column":4},"end":{"line":14,"column":5}},{"start":{},"end":{}}],"line":10},"1":{"loc":{"start":{"line":22,"column":6},"end":{"line":26,"column":7}},"type":"if","locations":[{"start":{"line":22,"column":6},"end":{"line":26,"column":7}},{"start":{},"end":{}}],"line":22}},"s":{"0":1,"1":1,"2":0,"3":0,"4":0,"5":0,"6":0,"7":0,"8":0,"9":0,"10":0,"11":0,"12":0,"13":0},"f":{"0":0},"b":{"0":[0,0],"1":[0,0]},"_coverageSchema":"1a1c01bbd47fc00a2c39e90264f33305004495a9","hash":"d4a4b568fcd3cb9027cdca350907a64451f13bdb"}
,"/Users/andelarwanda/Desktop/MY-BRAND/src/routes/blogRoute.js": {"path":"/Users/andelarwanda/Desktop/MY-BRAND/src/routes/blogRoute.js","statementMap":{"0":{"start":{"line":5,"column":18},"end":{"line":5,"column":27}},"1":{"start":{"line":7,"column":0},"end":{"line":7,"column":92}},"2":{"start":{"line":10,"column":0},"end":{"line":10,"column":95}},"3":{"start":{"line":12,"column":0},"end":{"line":12,"column":65}},"4":{"start":{"line":14,"column":0},"end":{"line":14,"column":57}},"5":{"start":{"line":16,"column":0},"end":{"line":16,"column":75}},"6":{"start":{"line":18,"column":0},"end":{"line":31,"column":3}},"7":{"start":{"line":19,"column":4},"end":{"line":30,"column":5}},"8":{"start":{"line":20,"column":20},"end":{"line":20,"column":48}},"9":{"start":{"line":21,"column":8},"end":{"line":23,"column":9}},"10":{"start":{"line":21,"column":35},"end":{"line":21,"column":69}},"11":{"start":{"line":22,"column":12},"end":{"line":22,"column":68}},"12":{"start":{"line":24,"column":8},"end":{"line":24,"column":47}},"13":{"start":{"line":25,"column":8},"end":{"line":25,"column":25}},"14":{"start":{"line":26,"column":8},"end":{"line":26,"column":29}},"15":{"start":{"line":28,"column":8},"end":{"line":28,"column":34}},"16":{"start":{"line":29,"column":8},"end":{"line":29,"column":45}}},"fnMap":{"0":{"name":"(anonymous_0)","decl":{"start":{"line":18,"column":26},"end":{"line":18,"column":27}},"loc":{"start":{"line":18,"column":42},"end":{"line":31,"column":1}},"line":18},"1":{"name":"(anonymous_1)","decl":{"start":{"line":21,"column":29},"end":{"line":21,"column":30}},"loc":{"start":{"line":21,"column":35},"end":{"line":21,"column":69}},"line":21}},"branchMap":{"0":{"loc":{"start":{"line":21,"column":8},"end":{"line":23,"column":9}},"type":"if","locations":[{"start":{"line":21,"column":8},"end":{"line":23,"column":9}},{"start":{},"end":{}}],"line":21}},"s":{"0":1,"1":1,"2":1,"3":1,"4":1,"5":1,"6":1,"7":0,"8":0,"9":0,"10":0,"11":0,"12":0,"13":0,"14":0,"15":0,"16":0},"f":{"0":0,"1":0},"b":{"0":[0,0]},"_coverageSchema":"1a1c01bbd47fc00a2c39e90264f33305004495a9","hash":"248afa7b99981791e9c175f24dfe472a7e151cc4"}
,"/Users/andelarwanda/Desktop/MY-BRAND/src/routes/queryRoute.js": {"path":"/Users/andelarwanda/Desktop/MY-BRAND/src/routes/queryRoute.js","statementMap":{"0":{"start":{"line":4,"column":18},"end":{"line":4,"column":34}},"1":{"start":{"line":6,"column":0},"end":{"line":6,"column":62}},"2":{"start":{"line":7,"column":0},"end":{"line":7,"column":86}},"3":{"start":{"line":8,"column":0},"end":{"line":8,"column":77}}},"fnMap":{},"branchMap":{},"s":{"0":1,"1":1,"2":1,"3":1},"f":{},"b":{},"_coverageSchema":"1a1c01bbd47fc00a2c39e90264f33305004495a9","hash":"a23bbdbee2b85b1b315cfe18409d8f6c9e53bd4d"}
,"/Users/andelarwanda/Desktop/MY-BRAND/src/routes/userRoute.js": {"path":"/Users/andelarwanda/Desktop/MY-BRAND/src/routes/userRoute.js","statementMap":{"0":{"start":{"line":9,"column":18},"end":{"line":9,"column":34}},"1":{"start":{"line":14,"column":0},"end":{"line":14,"column":47}},"2":{"start":{"line":20,"column":0},"end":{"line":20,"column":53}},"3":{"start":{"line":21,"column":0},"end":{"line":21,"column":77}},"4":{"start":{"line":22,"column":0},"end":{"line":22,"column":68}}},"fnMap":{},"branchMap":{},"s":{"0":1,"1":1,"2":1,"3":1,"4":1},"f":{},"b":{},"_coverageSchema":"1a1c01bbd47fc00a2c39e90264f33305004495a9","hash":"4b23374517a4d78a03a26a100cfa2d86e7689eb8"}
,"/Users/andelarwanda/Desktop/MY-BRAND/src/validations/blogValidation.js": {"path":"/Users/andelarwanda/Desktop/MY-BRAND/src/validations/blogValidation.js","statementMap":{"0":{"start":{"line":3,"column":29},"end":{"line":18,"column":2}}},"fnMap":{},"branchMap":{},"s":{"0":1},"f":{},"b":{},"_coverageSchema":"1a1c01bbd47fc00a2c39e90264f33305004495a9","hash":"b61df44cbe8b0836cc1a9dadb9d46ba6db18b269"}
}
