TN:
SF:app.js
FNF:0
FNH:0
DA:12,1
DA:14,1
DA:15,1
DA:16,1
DA:18,1
DA:19,1
DA:20,1
DA:21,1
DA:22,1
DA:23,1
LF:10
LH:10
BRF:0
BRH:0
end_of_record
TN:
SF:server.js
FN:8,(anonymous_0)
FN:10,(anonymous_1)
FN:17,(anonymous_2)
FNF:3
FNH:2
FNDA:1,(anonymous_0)
FNDA:0,(anonymous_1)
FNDA:1,(anonymous_2)
DA:5,1
DA:9,1
DA:11,0
DA:14,1
DA:15,1
DA:16,1
DA:17,1
DA:18,1
LF:8
LH:7
BRDA:14,0,0,1
BRDA:14,0,1,0
BRDA:16,1,0,0
BRDA:16,1,1,1
BRF:4
BRH:2
end_of_record
TN:
SF:src/Controller/blogController.js
FN:7,(anonymous_0)
FN:30,(anonymous_1)
FN:53,(anonymous_2)
FN:87,(anonymous_3)
FN:112,(anonymous_4)
FN:129,(anonymous_5)
FNF:6
FNH:2
FNDA:0,(anonymous_0)
FNDA:0,(anonymous_1)
FNDA:0,(anonymous_2)
FNDA:1,(anonymous_3)
FNDA:1,(anonymous_4)
FNDA:0,(anonymous_5)
DA:8,0
DA:11,0
DA:13,0
DA:14,0
DA:19,0
DA:21,0
DA:28,0
DA:30,0
DA:31,0
DA:33,0
DA:34,0
DA:35,0
DA:41,0
DA:47,0
DA:54,0
DA:56,0
DA:58,0
DA:66,0
DA:67,0
DA:71,0
DA:73,0
DA:78,0
DA:88,1
DA:90,1
DA:91,1
DA:93,0
DA:97,0
DA:99,1
DA:104,0
DA:113,1
DA:115,1
DA:116,1
DA:121,0
DA:130,0
DA:131,0
DA:132,0
DA:133,0
DA:137,0
DA:140,0
DA:141,0
DA:147,0
LF:41
LH:7
BRDA:13,0,0,0
BRDA:13,0,1,0
BRDA:33,1,0,0
BRDA:33,1,1,0
BRDA:66,2,0,0
BRDA:66,2,1,0
BRDA:91,3,0,0
BRDA:91,3,1,1
BRDA:132,4,0,0
BRDA:132,4,1,0
BRF:10
BRH:1
end_of_record
TN:
SF:src/Controller/queryController.js
FN:4,(anonymous_0)
FN:22,(anonymous_1)
FN:32,(anonymous_2)
FNF:3
FNH:0
FNDA:0,(anonymous_0)
FNDA:0,(anonymous_1)
FNDA:0,(anonymous_2)
DA:5,0
DA:6,0
DA:13,0
DA:14,0
DA:15,0
DA:17,0
DA:23,0
DA:24,0
DA:25,0
DA:27,0
DA:33,0
DA:34,0
DA:35,0
DA:37,0
LF:14
LH:0
BRF:0
BRH:0
end_of_record
TN:
SF:src/Controller/userController.js
FN:10,(anonymous_0)
FN:53,(anonymous_1)
FN:93,(anonymous_2)
FN:120,(anonymous_3)
FNF:4
FNH:0
FNDA:0,(anonymous_0)
FNDA:0,(anonymous_1)
FNDA:0,(anonymous_2)
FNDA:0,(anonymous_3)
DA:12,0
DA:13,0
DA:14,0
DA:16,0
DA:18,0
DA:19,0
DA:21,0
DA:23,0
DA:25,0
DA:27,0
DA:29,0
DA:37,0
DA:38,0
DA:42,0
DA:45,0
DA:54,0
DA:57,0
DA:59,0
DA:60,0
DA:65,0
DA:66,0
DA:67,0
DA:72,0
DA:75,0
DA:77,0
DA:84,0
DA:94,0
DA:96,0
DA:97,0
DA:99,0
DA:103,0
DA:106,0
DA:111,0
DA:121,0
DA:122,0
DA:123,0
DA:127,0
LF:37
LH:0
BRDA:13,0,0,0
BRDA:13,0,1,0
BRDA:18,1,0,0
BRDA:18,1,1,0
BRDA:59,2,0,0
BRDA:59,2,1,0
BRDA:66,3,0,0
BRDA:66,3,1,0
BRDA:97,4,0,0
BRDA:97,4,1,0
BRF:10
BRH:0
end_of_record
TN:
SF:src/Model/blogModel.js
FNF:0
FNH:0
DA:2,1
DA:24,1
LF:2
LH:2
BRF:0
BRH:0
end_of_record
TN:
SF:src/Model/queryModel.js
FNF:0
FNH:0
DA:2,1
DA:26,1
LF:2
LH:2
BRF:0
BRH:0
end_of_record
TN:
SF:src/Model/userModel.js
FNF:0
FNH:0
DA:3,1
DA:44,1
LF:2
LH:2
BRF:0
BRH:0
end_of_record
TN:
SF:src/documentations/blog.doc.js
FNF:0
FNH:0
DA:1,1
DA:20,1
DA:48,1
DA:90,1
DA:123,1
DA:179,1
LF:6
LH:6
BRF:0
BRH:0
end_of_record
TN:
SF:src/documentations/query.swaggerdoc.js
FNF:0
FNH:0
DA:1,1
DA:20,1
DA:48,1
DA:98,1
LF:4
LH:4
BRF:0
BRH:0
end_of_record
TN:
SF:src/documentations/swaggerdoc.js
FNF:0
FNH:0
DA:7,1
LF:1
LH:1
BRF:0
BRH:0
end_of_record
TN:
SF:src/documentations/user.doc.js
FNF:0
FNH:0
DA:1,1
DA:25,1
DA:70,1
DA:110,1
DA:145,1
LF:5
LH:5
BRF:0
BRH:0
end_of_record
TN:
SF:src/helpers/multer.js
FN:4,(anonymous_0)
FN:8,(anonymous_1)
FNF:2
FNH:0
FNDA:0,(anonymous_0)
FNDA:0,(anonymous_1)
DA:3,1
DA:5,0
DA:9,0
DA:13,1
LF:4
LH:2
BRF:0
BRH:0
end_of_record
TN:
SF:src/middleware/verifyAdmin.js
FN:7,(anonymous_0)
FNF:1
FNH:1
FNDA:2,(anonymous_0)
DA:4,1
DA:7,1
DA:9,2
DA:10,2
DA:11,2
DA:15,0
DA:16,0
DA:17,0
DA:19,0
DA:20,0
DA:22,0
DA:23,0
DA:28,0
DA:30,0
LF:14
LH:5
BRDA:10,0,0,2
BRDA:10,0,1,0
BRDA:22,1,0,0
BRDA:22,1,1,0
BRF:4
BRH:1
end_of_record
TN:
SF:src/routes/blogRoute.js
FN:18,(anonymous_0)
FN:21,(anonymous_1)
FNF:2
FNH:0
FNDA:0,(anonymous_0)
FNDA:0,(anonymous_1)
DA:5,1
DA:7,1
DA:10,1
DA:12,1
DA:14,1
DA:16,1
DA:18,1
DA:19,0
DA:20,0
DA:21,0
DA:22,0
DA:24,0
DA:25,0
DA:26,0
DA:28,0
DA:29,0
LF:16
LH:7
BRDA:21,0,0,0
BRDA:21,0,1,0
BRF:2
BRH:0
end_of_record
TN:
SF:src/routes/queryRoute.js
FNF:0
FNH:0
DA:4,1
DA:6,1
DA:7,1
DA:8,1
LF:4
LH:4
BRF:0
BRH:0
end_of_record
TN:
SF:src/routes/userRoute.js
FNF:0
FNH:0
DA:8,1
DA:13,1
DA:19,1
DA:20,1
DA:21,1
LF:5
LH:5
BRF:0
BRH:0
end_of_record
TN:
SF:src/validations/blogValidation.js
FNF:0
FNH:0
DA:3,1
LF:1
LH:1
BRF:0
BRH:0
end_of_record
TN:
SF:src/validations/userValidation.js
FNF:0
FNH:0
DA:3,1
LF:1
LH:1
BRF:0
BRH:0
end_of_record
